<?xml version="1.0" encoding="UTF-8"?>
<!-- Generated by org.testng.reporters.JUnitReportReporter -->
<testsuite name="com.yatra.qa.TestCaseReplica" tests="1" time="123.274" ignored="0" failures="0" timestamp="26 Feb 2020 22:19:39 GMT" skipped="0" hostname="LAPTOP-O8D1T5RF" errors="0">
  <testcase name="bookingHotelRoom" time="123.274" classname="com.yatra.qa.TestCaseReplica"/>
</testsuite> <!-- com.yatra.qa.TestCaseReplica -->
