<?xml version="1.0" encoding="UTF-8"?>
<!-- Generated by org.testng.reporters.JUnitReportReporter -->
<testsuite name="com.yatra.qa.TestCase001" tests="1" time="87.865" ignored="0" failures="0" timestamp="28 Feb 2020 12:20:33 GMT" skipped="0" hostname="LAPTOP-O8D1T5RF" errors="0">
  <testcase name="bookingHotelRoom" time="87.865" classname="com.yatra.qa.TestCase001"/>
</testsuite> <!-- com.yatra.qa.TestCase001 -->
