<?xml version="1.0" encoding="UTF-8"?>
<!-- Generated by org.testng.reporters.JUnitReportReporter -->
<testsuite name="com.yatra.qa.TestCase002" tests="1" time="66.895" ignored="0" failures="0" timestamp="24 Feb 2020 12:41:16 GMT" skipped="0" hostname="LAPTOP-O8D1T5RF" errors="0">
  <testcase name="bookingHotelRoom" time="66.895" classname="com.yatra.qa.TestCase002"/>
</testsuite> <!-- com.yatra.qa.TestCase002 -->
